c:\users\yuta2\pictures\camera roll\4月19日～\cl22\cardgame_new\cardgame_new\cardgame\debug\vc142.pdb
c:\users\yuta2\pictures\camera roll\4月19日～\cl22\cardgame_new\cardgame_new\cardgame\debug\vc142.idb
c:\users\yuta2\pictures\camera roll\4月19日～\cl22\cardgame_new\cardgame_new\cardgame\debug\deck.obj
c:\users\yuta2\pictures\camera roll\4月19日～\cl22\cardgame_new\cardgame_new\cardgame\debug\cardhand.obj
c:\users\yuta2\pictures\camera roll\4月19日～\cl22\cardgame_new\cardgame_new\cardgame\debug\cardgame.obj
c:\users\yuta2\pictures\camera roll\4月19日～\cl22\cardgame_new\cardgame_new\cardgame\debug\deckcreatemenu.obj
c:\users\yuta2\pictures\camera roll\4月19日～\cl22\cardgame_new\cardgame_new\cardgame\debug\carddisplay_decklist.obj
c:\users\yuta2\pictures\camera roll\4月19日～\cl22\cardgame_new\cardgame_new\cardgame\debug\carddisplay.obj
c:\users\yuta2\pictures\camera roll\4月19日～\cl22\cardgame_new\cardgame_new\cardgame\debug\cardcreatemenu_minion.obj
c:\users\yuta2\pictures\camera roll\4月19日～\cl22\cardgame_new\cardgame_new\cardgame\debug\cardcreatemenu_magic.obj
c:\users\yuta2\pictures\camera roll\4月19日～\cl22\cardgame_new\cardgame_new\cardgame\debug\cardcreatemenu.obj
c:\users\yuta2\pictures\camera roll\4月19日～\cl22\cardgame_new\cardgame_new\cardgame\debug\field.obj
c:\users\yuta2\pictures\camera roll\4月19日～\cl22\cardgame_new\cardgame_new\debug\cardgame.exe
c:\users\yuta2\pictures\camera roll\4月19日～\cl22\cardgame_new\cardgame_new\cardgame\debug\cardgame.ilk
c:\users\yuta2\pictures\camera roll\4月19日～\cl22\cardgame_new\cardgame_new\debug\cardgame.pdb
c:\users\yuta2\pictures\camera roll\4月19日～\cl22\cardgame_new\cardgame_new\cardgame\debug\cardgame.tlog\cl.command.1.tlog
c:\users\yuta2\pictures\camera roll\4月19日～\cl22\cardgame_new\cardgame_new\cardgame\debug\cardgame.tlog\cl.read.1.tlog
c:\users\yuta2\pictures\camera roll\4月19日～\cl22\cardgame_new\cardgame_new\cardgame\debug\cardgame.tlog\cl.write.1.tlog
c:\users\yuta2\pictures\camera roll\4月19日～\cl22\cardgame_new\cardgame_new\cardgame\debug\cardgame.tlog\link.command.1.tlog
c:\users\yuta2\pictures\camera roll\4月19日～\cl22\cardgame_new\cardgame_new\cardgame\debug\cardgame.tlog\link.read.1.tlog
c:\users\yuta2\pictures\camera roll\4月19日～\cl22\cardgame_new\cardgame_new\cardgame\debug\cardgame.tlog\link.write.1.tlog
